Copyright 1986-2022 Xilinx, Inc. All Rights Reserved. Copyright 2022-2023 Advanced Micro Devices, Inc. All Rights Reserved.
---------------------------------------------------------------------------------------------------------------------------------------------
| Tool Version : Vivado v.2023.1 (win64) Build 3865809 Sun May  7 15:05:29 MDT 2023
| Date         : Tue Jul  4 17:12:27 2023
| Host         : LAPTOP-2021 running 64-bit major release  (build 9200)
| Command      : upgrade_project -migrate_output_products
| Project_Path : C:/Users/Paro/Documents/Vivado/minisys/minisys.xpr
---------------------------------------------------------------------------------------------------------------------------------------------

Project Status Summary

1. Project IP Status
--------------------
This project contains 3 IP and 0 Block Designs.


1.1 Project IP Instances
+--------+-------------------------+-------------------------------------+-------------------------------------+
| Instan | Status                  | Reason                              | Recommendation                      |
| Name   |                         |                                     |                                     |
+--------+-------------------------+-------------------------------------+-------------------------------------+
| cpuclk | Will be Migrated.       |                                     |                                     |
+--------+-------------------------+-------------------------------------+-------------------------------------+
| prgrom | Will be Migrated.       |                                     |                                     |
+--------+-------------------------+-------------------------------------+-------------------------------------+
| ram    | Will be Migrated.       |                                     |                                     |
+--------+-------------------------+-------------------------------------+-------------------------------------+



